TN:
SF:src/overview/overview-page-controller.js
FN:104,(anonymous_0)
FN:131,(anonymous_1)
FN:150,(anonymous_2)
FN:167,(anonymous_3)
FN:177,(anonymous_4)
FN:194,(anonymous_5)
FN:200,(anonymous_6)
FN:206,(anonymous_7)
FN:212,(anonymous_8)
FN:218,(anonymous_9)
FN:226,(anonymous_10)
FN:235,(anonymous_11)
FN:238,(anonymous_12)
FN:255,(anonymous_13)
FN:270,(anonymous_14)
FN:311,(anonymous_15)
FN:324,(anonymous_16)
FN:341,(anonymous_17)
FN:354,(anonymous_18)
FN:358,(anonymous_19)
FN:365,(anonymous_20)
FN:366,(anonymous_21)
FN:368,(anonymous_22)
FN:395,(anonymous_23)
FN:411,(anonymous_24)
FN:431,(anonymous_25)
FN:447,(anonymous_26)
FN:454,(anonymous_27)
FN:462,(anonymous_28)
FN:463,(anonymous_29)
FN:480,(anonymous_30)
FN:507,(anonymous_31)
FN:520,(anonymous_32)
FN:535,(anonymous_33)
FN:547,(anonymous_34)
FN:559,(anonymous_35)
FN:574,(anonymous_36)
FN:577,(anonymous_37)
FN:587,(anonymous_38)
FN:600,(anonymous_39)
FN:601,(anonymous_40)
FN:615,(anonymous_41)
FN:625,(anonymous_42)
FN:639,(anonymous_43)
FN:663,(anonymous_44)
FN:676,(anonymous_45)
FN:693,(anonymous_46)
FN:703,(anonymous_47)
FN:717,(anonymous_48)
FN:718,(anonymous_49)
FN:730,(anonymous_50)
FN:741,(anonymous_51)
FN:742,(anonymous_52)
FN:743,(anonymous_53)
FN:753,(anonymous_54)
FN:767,(anonymous_55)
FN:779,(anonymous_56)
FN:792,(anonymous_57)
FN:800,(anonymous_58)
FN:809,(anonymous_59)
FN:820,(anonymous_60)
FN:830,(anonymous_61)
FN:840,(anonymous_62)
FN:854,(anonymous_63)
FN:874,(anonymous_64)
FN:903,(anonymous_65)
FN:917,(anonymous_66)
FN:926,(anonymous_67)
FN:945,(anonymous_68)
FN:956,(anonymous_69)
FN:971,(anonymous_70)
FN:984,(anonymous_71)
FN:997,(anonymous_72)
FN:1007,(anonymous_73)
FN:1024,(anonymous_74)
FN:1037,(anonymous_75)
FN:1038,(anonymous_76)
FN:1046,(anonymous_77)
FN:1057,(anonymous_78)
FN:1068,(anonymous_79)
FN:1079,(anonymous_80)
FN:1093,(anonymous_81)
FN:1103,(anonymous_82)
FN:1115,(anonymous_83)
FN:1128,(anonymous_84)
FN:1140,(anonymous_85)
FN:1150,(anonymous_86)
FN:1162,(anonymous_87)
FN:1175,(anonymous_88)
FN:1185,(anonymous_89)
FN:1215,(anonymous_90)
FNF:91
FNH:52
FNDA:13,(anonymous_0)
FNDA:13,(anonymous_1)
FNDA:273,(anonymous_2)
FNDA:13,(anonymous_3)
FNDA:0,(anonymous_4)
FNDA:0,(anonymous_5)
FNDA:0,(anonymous_6)
FNDA:0,(anonymous_7)
FNDA:0,(anonymous_8)
FNDA:0,(anonymous_9)
FNDA:1,(anonymous_10)
FNDA:0,(anonymous_11)
FNDA:0,(anonymous_12)
FNDA:0,(anonymous_13)
FNDA:0,(anonymous_14)
FNDA:0,(anonymous_15)
FNDA:0,(anonymous_16)
FNDA:0,(anonymous_17)
FNDA:0,(anonymous_18)
FNDA:0,(anonymous_19)
FNDA:0,(anonymous_20)
FNDA:0,(anonymous_21)
FNDA:0,(anonymous_22)
FNDA:9,(anonymous_23)
FNDA:9,(anonymous_24)
FNDA:9,(anonymous_25)
FNDA:9,(anonymous_26)
FNDA:1,(anonymous_27)
FNDA:8,(anonymous_28)
FNDA:1109,(anonymous_29)
FNDA:1109,(anonymous_30)
FNDA:13,(anonymous_31)
FNDA:14,(anonymous_32)
FNDA:4,(anonymous_33)
FNDA:9,(anonymous_34)
FNDA:0,(anonymous_35)
FNDA:0,(anonymous_36)
FNDA:0,(anonymous_37)
FNDA:0,(anonymous_38)
FNDA:0,(anonymous_39)
FNDA:0,(anonymous_40)
FNDA:0,(anonymous_41)
FNDA:0,(anonymous_42)
FNDA:0,(anonymous_43)
FNDA:1,(anonymous_44)
FNDA:1,(anonymous_45)
FNDA:1,(anonymous_46)
FNDA:1,(anonymous_47)
FNDA:1,(anonymous_48)
FNDA:1,(anonymous_49)
FNDA:1,(anonymous_50)
FNDA:1,(anonymous_51)
FNDA:0,(anonymous_52)
FNDA:1,(anonymous_53)
FNDA:0,(anonymous_54)
FNDA:1,(anonymous_55)
FNDA:0,(anonymous_56)
FNDA:0,(anonymous_57)
FNDA:9,(anonymous_58)
FNDA:40,(anonymous_59)
FNDA:13,(anonymous_60)
FNDA:4,(anonymous_61)
FNDA:1,(anonymous_62)
FNDA:1109,(anonymous_63)
FNDA:1109,(anonymous_64)
FNDA:0,(anonymous_65)
FNDA:0,(anonymous_66)
FNDA:0,(anonymous_67)
FNDA:0,(anonymous_68)
FNDA:0,(anonymous_69)
FNDA:12,(anonymous_70)
FNDA:12,(anonymous_71)
FNDA:12,(anonymous_72)
FNDA:12,(anonymous_73)
FNDA:10,(anonymous_74)
FNDA:9,(anonymous_75)
FNDA:1111,(anonymous_76)
FNDA:9,(anonymous_77)
FNDA:9,(anonymous_78)
FNDA:9,(anonymous_79)
FNDA:10,(anonymous_80)
FNDA:10,(anonymous_81)
FNDA:2,(anonymous_82)
FNDA:1,(anonymous_83)
FNDA:1111,(anonymous_84)
FNDA:1111,(anonymous_85)
FNDA:1111,(anonymous_86)
FNDA:1109,(anonymous_87)
FNDA:0,(anonymous_88)
FNDA:0,(anonymous_89)
FNDA:0,(anonymous_90)
DA:32,1
DA:34,1
DA:35,1
DA:36,0
DA:40,0
DA:44,1
DA:105,13
DA:107,13
DA:108,13
DA:111,13
DA:112,13
DA:113,13
DA:114,13
DA:117,13
DA:120,13
DA:133,13
DA:149,13
DA:150,13
DA:151,273
DA:155,13
DA:169,13
DA:170,13
DA:171,13
DA:172,13
DA:176,13
DA:177,13
DA:178,0
DA:179,0
DA:180,0
DA:181,0
DA:182,0
DA:183,0
DA:187,0
DA:193,13
DA:194,0
DA:195,0
DA:199,13
DA:200,13
DA:201,0
DA:205,13
DA:206,0
DA:207,0
DA:211,13
DA:212,0
DA:213,0
DA:217,13
DA:218,13
DA:219,0
DA:220,0
DA:225,13
DA:226,13
DA:227,1
DA:228,1
DA:229,1
DA:234,13
DA:235,0
DA:237,13
DA:238,0
DA:256,0
DA:257,0
DA:258,0
DA:271,0
DA:272,0
DA:273,0
DA:276,0
DA:277,0
DA:279,0
DA:281,0
DA:282,0
DA:283,0
DA:285,0
DA:286,0
DA:288,0
DA:289,0
DA:291,0
DA:292,0
DA:294,0
DA:297,0
DA:298,0
DA:312,0
DA:325,0
DA:326,0
DA:327,0
DA:342,0
DA:343,0
DA:356,0
DA:358,0
DA:361,0
DA:362,0
DA:363,0
DA:365,0
DA:366,0
DA:368,0
DA:369,0
DA:370,0
DA:372,0
DA:373,0
DA:374,0
DA:375,0
DA:377,0
DA:378,0
DA:380,0
DA:383,0
DA:384,0
DA:396,9
DA:397,9
DA:398,9
DA:399,9
DA:412,9
DA:413,9
DA:416,9
DA:417,9
DA:432,9
DA:434,9
DA:436,9
DA:437,1
DA:438,1
DA:441,8
DA:448,9
DA:455,1
DA:456,1
DA:463,8
DA:464,1109
DA:465,1109
DA:481,1109
DA:482,1109
DA:484,1109
DA:492,1109
DA:508,13
DA:509,13
DA:510,13
DA:521,14
DA:522,14
DA:536,4
DA:537,4
DA:538,4
DA:548,9
DA:560,0
DA:561,0
DA:562,0
DA:565,0
DA:566,0
DA:575,0
DA:577,0
DA:579,0
DA:588,0
DA:589,0
DA:590,0
DA:593,0
DA:594,0
DA:601,0
DA:609,0
DA:616,0
DA:617,0
DA:618,0
DA:619,0
DA:626,0
DA:627,0
DA:628,0
DA:640,0
DA:643,0
DA:644,0
DA:647,0
DA:648,0
DA:664,1
DA:665,1
DA:666,1
DA:667,1
DA:677,1
DA:678,0
DA:679,0
DA:681,1
DA:682,0
DA:683,0
DA:694,1
DA:704,1
DA:705,1
DA:706,0
DA:707,0
DA:718,1
DA:719,1
DA:720,1
DA:721,1
DA:731,1
DA:742,1
DA:743,1
DA:754,0
DA:755,0
DA:756,0
DA:758,0
DA:768,1
DA:769,1
DA:770,1
DA:780,0
DA:781,0
DA:793,0
DA:801,9
DA:802,9
DA:810,40
DA:811,40
DA:812,40
DA:821,13
DA:822,13
DA:831,4
DA:832,4
DA:841,1
DA:842,1
DA:847,1
DA:855,1109
DA:857,1109
DA:876,1109
DA:878,102
DA:882,1007
DA:883,0
DA:886,1007
DA:887,0
DA:891,1007
DA:892,0
DA:896,1007
DA:904,0
DA:918,0
DA:919,0
DA:927,0
DA:928,0
DA:930,0
DA:931,0
DA:932,0
DA:934,0
DA:935,0
DA:936,0
DA:938,0
DA:946,0
DA:947,0
DA:948,0
DA:957,0
DA:958,0
DA:972,12
DA:973,12
DA:974,10
DA:975,9
DA:985,12
DA:986,0
DA:988,12
DA:998,12
DA:1008,12
DA:1009,12
DA:1011,2
DA:1012,2
DA:1014,0
DA:1025,10
DA:1026,9
DA:1027,9
DA:1028,9
DA:1038,1111
DA:1047,9
DA:1048,0
DA:1058,9
DA:1059,9
DA:1060,9
DA:1069,9
DA:1080,10
DA:1081,2
DA:1082,1
DA:1084,1
DA:1094,10
DA:1104,2
DA:1116,1
DA:1129,1111
DA:1141,1111
DA:1151,1111
DA:1163,1109
DA:1176,0
DA:1186,0
DA:1188,0
DA:1189,0
DA:1191,0
DA:1192,0
DA:1194,0
DA:1195,0
DA:1197,0
DA:1198,0
DA:1200,0
DA:1203,0
DA:1205,0
DA:1206,0
DA:1216,0
DA:1228,1
DA:1229,1
DA:1233,1
DA:1234,1
LF:290
LH:146
BRDA:32,0,0,1
BRDA:32,0,1,0
BRDA:35,1,0,0
BRDA:35,1,1,1
BRDA:169,2,0,13
BRDA:169,2,1,0
BRDA:176,3,0,13
BRDA:176,3,1,0
BRDA:176,4,0,13
BRDA:176,4,1,13
BRDA:176,4,2,13
BRDA:179,5,0,0
BRDA:179,5,1,0
BRDA:179,6,0,0
BRDA:179,6,1,0
BRDA:179,6,2,0
BRDA:181,7,0,0
BRDA:181,7,1,0
BRDA:193,8,0,0
BRDA:193,8,1,13
BRDA:199,9,0,13
BRDA:199,9,1,0
BRDA:205,10,0,0
BRDA:205,10,1,13
BRDA:211,11,0,0
BRDA:211,11,1,13
BRDA:217,12,0,13
BRDA:217,12,1,0
BRDA:219,13,0,0
BRDA:219,13,1,0
BRDA:220,14,0,0
BRDA:220,14,1,0
BRDA:225,15,0,13
BRDA:225,15,1,0
BRDA:225,16,0,13
BRDA:225,16,1,13
BRDA:228,17,0,1
BRDA:228,17,1,0
BRDA:228,18,0,1
BRDA:228,18,1,1
BRDA:228,18,2,1
BRDA:234,19,0,0
BRDA:234,19,1,13
BRDA:237,20,0,0
BRDA:237,20,1,13
BRDA:256,21,0,0
BRDA:256,21,1,0
BRDA:271,22,0,0
BRDA:271,22,1,0
BRDA:271,23,0,0
BRDA:271,23,1,0
BRDA:281,24,0,0
BRDA:281,24,1,0
BRDA:281,25,0,0
BRDA:281,25,1,0
BRDA:325,26,0,0
BRDA:325,26,1,0
BRDA:356,27,0,0
BRDA:356,27,1,0
BRDA:358,28,0,0
BRDA:358,28,1,0
BRDA:361,29,0,0
BRDA:361,29,1,0
BRDA:362,30,0,0
BRDA:362,30,1,0
BRDA:363,31,0,0
BRDA:363,31,1,0
BRDA:365,32,0,0
BRDA:365,32,1,0
BRDA:369,33,0,0
BRDA:369,33,1,0
BRDA:372,34,0,0
BRDA:372,34,1,0
BRDA:373,35,0,0
BRDA:373,35,1,0
BRDA:374,36,0,0
BRDA:374,36,1,0
BRDA:377,37,0,0
BRDA:377,37,1,0
BRDA:412,38,0,9
BRDA:412,38,1,0
BRDA:416,39,0,9
BRDA:416,39,1,0
BRDA:432,40,0,0
BRDA:432,40,1,9
BRDA:436,41,0,1
BRDA:436,41,1,8
BRDA:436,42,0,9
BRDA:436,42,1,9
BRDA:507,43,0,0
BRDA:560,44,0,0
BRDA:560,44,1,0
BRDA:560,45,0,0
BRDA:560,45,1,0
BRDA:588,46,0,0
BRDA:588,46,1,0
BRDA:588,47,0,0
BRDA:588,47,1,0
BRDA:602,48,0,0
BRDA:602,48,1,0
BRDA:603,49,0,0
BRDA:603,49,1,0
BRDA:604,50,0,0
BRDA:604,50,1,0
BRDA:605,51,0,0
BRDA:605,51,1,0
BRDA:606,52,0,0
BRDA:606,52,1,0
BRDA:607,53,0,0
BRDA:607,53,1,0
BRDA:607,54,0,0
BRDA:607,54,1,0
BRDA:643,55,0,0
BRDA:643,55,1,0
BRDA:643,56,0,0
BRDA:643,56,1,0
BRDA:677,57,0,0
BRDA:677,57,1,1
BRDA:681,58,0,0
BRDA:681,58,1,1
BRDA:705,59,0,0
BRDA:705,59,1,1
BRDA:793,60,0,0
BRDA:793,60,1,0
BRDA:793,60,2,0
BRDA:811,61,0,40
BRDA:811,61,1,0
BRDA:812,62,0,17
BRDA:812,62,1,23
BRDA:821,63,0,13
BRDA:821,63,1,0
BRDA:831,64,0,4
BRDA:831,64,1,0
BRDA:831,65,0,4
BRDA:831,65,1,4
BRDA:858,66,0,1109
BRDA:858,66,1,0
BRDA:861,67,0,1109
BRDA:861,67,1,0
BRDA:863,68,0,102
BRDA:863,68,1,1007
BRDA:864,69,0,1109
BRDA:864,69,1,1008
BRDA:876,70,0,102
BRDA:876,70,1,1007
BRDA:876,71,0,1109
BRDA:876,71,1,102
BRDA:882,72,0,0
BRDA:882,72,1,1007
BRDA:886,73,0,0
BRDA:886,73,1,1007
BRDA:891,74,0,0
BRDA:891,74,1,1007
BRDA:905,75,0,0
BRDA:905,75,1,0
BRDA:907,76,0,0
BRDA:907,76,1,0
BRDA:908,77,0,0
BRDA:908,77,1,0
BRDA:909,78,0,0
BRDA:909,78,1,0
BRDA:947,79,0,0
BRDA:947,79,1,0
BRDA:957,80,0,0
BRDA:957,80,1,0
BRDA:985,81,0,0
BRDA:985,81,1,12
BRDA:985,82,0,12
BRDA:985,82,1,12
BRDA:1011,83,0,2
BRDA:1011,83,1,0
BRDA:1047,84,0,0
BRDA:1047,84,1,9
BRDA:1080,85,0,8
BRDA:1080,85,1,2
BRDA:1081,86,0,1
BRDA:1081,86,1,1
BRDA:1082,87,0,0
BRDA:1082,87,1,1
BRDA:1104,88,0,2
BRDA:1104,88,1,2
BRDA:1104,88,2,2
BRDA:1116,89,0,1
BRDA:1116,89,1,1
BRDA:1116,89,2,0
BRDA:1129,90,0,1111
BRDA:1129,90,1,1111
BRDA:1129,90,2,1109
BRDA:1141,91,0,1111
BRDA:1141,91,1,1111
BRDA:1151,92,0,1111
BRDA:1151,92,1,1110
BRDA:1151,92,2,1110
BRDA:1163,93,0,1109
BRDA:1163,93,1,1109
BRDA:1163,93,2,1109
BRDA:1189,94,0,0
BRDA:1189,94,1,0
BRDA:1189,94,2,0
BRDA:1189,94,3,0
BRDA:1228,95,0,1
BRDA:1228,95,1,0
BRDA:1233,96,0,1
BRDA:1233,96,1,0
BRDA:1233,97,0,1
BRDA:1233,97,1,1
BRF:206
BRH:81
end_of_record
TN:
SF:src/overview/overview.js
FN:18,(anonymous_0)
FN:42,initializeEventSystem
FN:78,createFallbackEventBus
FN:82,(anonymous_3)
FN:89,(anonymous_4)
FN:90,(anonymous_5)
FN:93,(anonymous_6)
FN:100,(anonymous_7)
FN:107,(anonymous_8)
FN:128,initializeOverviewController
FN:166,showInitializationError
FN:177,(anonymous_11)
FN:191,initializeOverviewPage
FN:253,(anonymous_13)
FN:254,(anonymous_14)
FN:255,(anonymous_15)
FNF:16
FNH:0
FNDA:0,(anonymous_0)
FNDA:0,initializeEventSystem
FNDA:0,createFallbackEventBus
FNDA:0,(anonymous_3)
FNDA:0,(anonymous_4)
FNDA:0,(anonymous_5)
FNDA:0,(anonymous_6)
FNDA:0,(anonymous_7)
FNDA:0,(anonymous_8)
FNDA:0,initializeOverviewController
FNDA:0,showInitializationError
FNDA:0,(anonymous_11)
FNDA:0,initializeOverviewPage
FNDA:0,(anonymous_13)
FNDA:0,(anonymous_14)
FNDA:0,(anonymous_15)
DA:18,0
DA:24,0
DA:25,0
DA:26,0
DA:43,0
DA:44,0
DA:47,0
DA:48,0
DA:49,0
DA:50,0
DA:52,0
DA:53,0
DA:55,0
DA:56,0
DA:60,0
DA:61,0
DA:62,0
DA:64,0
DA:67,0
DA:69,0
DA:70,0
DA:79,0
DA:81,0
DA:83,0
DA:84,0
DA:86,0
DA:90,0
DA:91,0
DA:92,0
DA:93,0
DA:94,0
DA:95,0
DA:97,0
DA:98,0
DA:100,0
DA:102,0
DA:108,0
DA:109,0
DA:110,0
DA:111,0
DA:112,0
DA:129,0
DA:130,0
DA:133,0
DA:134,0
DA:138,0
DA:141,0
DA:142,0
DA:146,0
DA:147,0
DA:153,0
DA:155,0
DA:156,0
DA:157,0
DA:167,0
DA:168,0
DA:170,0
DA:171,0
DA:172,0
DA:175,0
DA:176,0
DA:177,0
DA:178,0
DA:179,0
DA:184,0
DA:192,0
DA:193,0
DA:196,0
DA:197,0
DA:198,0
DA:202,0
DA:203,0
DA:204,0
DA:207,0
DA:210,0
DA:212,0
DA:213,0
DA:215,0
DA:222,0
DA:223,0
DA:226,0
DA:228,0
DA:231,0
DA:232,0
DA:233,0
DA:237,0
DA:244,0
DA:245,0
DA:248,0
DA:252,0
DA:253,0
DA:254,0
DA:255,0
LF:93
LH:0
BRDA:47,0,0,0
BRDA:47,0,1,0
BRDA:50,1,0,0
BRDA:50,1,1,0
BRDA:60,2,0,0
BRDA:60,2,1,0
BRDA:60,3,0,0
BRDA:60,3,1,0
BRDA:83,4,0,0
BRDA:83,4,1,0
BRDA:91,5,0,0
BRDA:91,5,1,0
BRDA:108,6,0,0
BRDA:108,6,1,0
BRDA:111,7,0,0
BRDA:111,7,1,0
BRDA:133,8,0,0
BRDA:133,8,1,0
BRDA:141,9,0,0
BRDA:141,9,1,0
BRDA:141,10,0,0
BRDA:141,10,1,0
BRDA:146,11,0,0
BRDA:146,11,1,0
BRDA:170,12,0,0
BRDA:170,12,1,0
BRDA:170,13,0,0
BRDA:170,13,1,0
BRDA:176,14,0,0
BRDA:176,14,1,0
BRDA:197,15,0,0
BRDA:197,15,1,0
BRDA:210,16,0,0
BRDA:210,16,1,0
BRDA:210,17,0,0
BRDA:210,17,1,0
BRDA:213,18,0,0
BRDA:213,18,1,0
BRDA:222,19,0,0
BRDA:222,19,1,0
BRDA:232,20,0,0
BRDA:232,20,1,0
BRDA:244,21,0,0
BRDA:244,21,1,0
BRF:44
BRH:0
end_of_record
